{
  "Cucumber Features": {
    "coverage": {
    },
    "timestamp": 1394956059
  },
  "RSpec": {
    "coverage": {
      "/home/saasbook/ProjectCN320/app/controllers/abouts_controller.rb": [
        1,
        null,
        null,
        1,
        null,
        null,
        null,
        null,
        null,
        1,
        null,
        null,
        null,
        null,
        null,
        1,
        null,
        null,
        null,
        null,
        1,
        null,
        null,
        null,
        null,
        null,
        1,
        null,
        null,
        null,
        null,
        null,
        1,
        null,
        null,
        null,
        null,
        null,
        1,
        null,
        null,
        null,
        1,
        null,
        null,
        null,
        null,
        1,
        null,
        null,
        null
      ],
      "/home/saasbook/ProjectCN320/app/controllers/application_controller.rb": [
        null,
        null,
        1,
        1,
        null
      ],
      "/home/saasbook/ProjectCN320/app/helpers/application_helper.rb": [
        1,
        null
      ],
      "/home/saasbook/ProjectCN320/app/helpers/abouts_helper.rb": [
        1,
        null
      ],
      "/home/saasbook/ProjectCN320/app/helpers/problempedia_helper.rb": [
        1,
        null
      ],
      "/home/saasbook/ProjectCN320/app/helpers/rules_helper.rb": [
        1,
        null
      ],
      "/home/saasbook/ProjectCN320/app/helpers/solutions_helper.rb": [
        1,
        null
      ],
      "/home/saasbook/ProjectCN320/app/helpers/solveds_helper.rb": [
        1,
        null
      ],
      "/home/saasbook/ProjectCN320/app/helpers/unsolveds_helper.rb": [
        1,
        null
      ],
      "/home/saasbook/ProjectCN320/app/helpers/users_helper.rb": [
        1,
        null
      ],
      "/home/saasbook/ProjectCN320/app/helpers/welcome_helper.rb": [
        1,
        null
      ],
      "/home/saasbook/ProjectCN320/app/models/about.rb": [
        1,
        null,
        null
      ],
      "/home/saasbook/ProjectCN320/app/controllers/problempedia_controller.rb": [
        1,
        1,
        null,
        null,
        null
      ],
      "/home/saasbook/ProjectCN320/app/controllers/rules_controller.rb": [
        1,
        null,
        null,
        1,
        2,
        null,
        2,
        2,
        2,
        null,
        null,
        null,
        null,
        null,
        1,
        null,
        null,
        null,
        null,
        null,
        1,
        null,
        null,
        null,
        null,
        1,
        null,
        null,
        null,
        null,
        null,
        1,
        null,
        null,
        null,
        null,
        null,
        1,
        null,
        null,
        null,
        null,
        null,
        1,
        null,
        null,
        null,
        1,
        null,
        null,
        null,
        null,
        1,
        0,
        null,
        null
      ],
      "/home/saasbook/ProjectCN320/app/models/rule.rb": [
        1,
        null,
        null
      ],
      "/home/saasbook/ProjectCN320/app/controllers/solutions_controller.rb": [
        1,
        null,
        null,
        1,
        null,
        null,
        null,
        null,
        null,
        1,
        1,
        null,
        1,
        1,
        1,
        null,
        null,
        null,
        null,
        null,
        1,
        1,
        1,
        1,
        1,
        1,
        null,
        null,
        null,
        1,
        null,
        null,
        null,
        null,
        1,
        null,
        null,
        null,
        null,
        null,
        1,
        7,
        null,
        7,
        1,
        0,
        null,
        6,
        6,
        8,
        4,
        null,
        4,
        2,
        null,
        null,
        null,
        null,
        null,
        null,
        1,
        null,
        null,
        null,
        null,
        null,
        1,
        2,
        2,
        2,
        null,
        2,
        4,
        2,
        null,
        null,
        1,
        0,
        0,
        0,
        null,
        0,
        0,
        0,
        null,
        null,
        null,
        1,
        null,
        null,
        null,
        null,
        1,
        7,
        null,
        null
      ],
      "/home/saasbook/ProjectCN320/app/models/solution.rb": [
        1,
        1,
        null
      ],
      "/home/saasbook/ProjectCN320/app/controllers/solveds_controller.rb": [
        1,
        null,
        null,
        1,
        null,
        2,
        2,
        0,
        null,
        2,
        null,
        null,
        2,
        2,
        2,
        null,
        null,
        null,
        null,
        null,
        null,
        1,
        1,
        null,
        1,
        1,
        1,
        null,
        null,
        null,
        null,
        null,
        1,
        null,
        null,
        null,
        1,
        null,
        null,
        null,
        null,
        null,
        1,
        null,
        null,
        null,
        null,
        null,
        null,
        null,
        null,
        null,
        1,
        null,
        null,
        null,
        null,
        null,
        1,
        null,
        null,
        1,
        null,
        null,
        null,
        null,
        1,
        null,
        null,
        null
      ],
      "/home/saasbook/ProjectCN320/app/models/solved.rb": [
        1,
        null,
        null
      ],
      "/home/saasbook/ProjectCN320/app/controllers/unsolveds_controller.rb": [
        1,
        null,
        null,
        1,
        null,
        1,
        1,
        0,
        null,
        1,
        null,
        null,
        1,
        1,
        1,
        null,
        null,
        null,
        null,
        null,
        1,
        1,
        1,
        1,
        0,
        0,
        null,
        0,
        0,
        null,
        null,
        null,
        null,
        null,
        null,
        null,
        1,
        1,
        null,
        1,
        1,
        1,
        null,
        null,
        null,
        1,
        1,
        null,
        null,
        null,
        null,
        1,
        2,
        2,
        2,
        2,
        null,
        2,
        2,
        0,
        0,
        null,
        2,
        4,
        2,
        null,
        null,
        null,
        null,
        null,
        null,
        null,
        null,
        null,
        null,
        null,
        null,
        null,
        null,
        1,
        5,
        null,
        5,
        5,
        6,
        3,
        null,
        null,
        null,
        null,
        null,
        1,
        2,
        2,
        null,
        2,
        4,
        2,
        null,
        null,
        1,
        2,
        2,
        null,
        2,
        4,
        2,
        null,
        null,
        1,
        null,
        null,
        null,
        null,
        1,
        2,
        null,
        null
      ],
      "/home/saasbook/ProjectCN320/app/models/unsolved.rb": [
        1,
        1,
        null
      ],
      "/home/saasbook/ProjectCN320/app/controllers/users_controller.rb": [
        1,
        null,
        null,
        1,
        2,
        null,
        2,
        2,
        2,
        null,
        null,
        null,
        null,
        null,
        1,
        1,
        null,
        1,
        1,
        1,
        null,
        null,
        null,
        null,
        null,
        1,
        1,
        null,
        1,
        1,
        1,
        null,
        null,
        null,
        null,
        1,
        0,
        null,
        0,
        0,
        0,
        null,
        null,
        1,
        0,
        0,
        0,
        0,
        0,
        0,
        0,
        0,
        0,
        0,
        0,
        null,
        0,
        0,
        null,
        null,
        0,
        0,
        0,
        0,
        null,
        0,
        null,
        null,
        null,
        null,
        1,
        0,
        0,
        0,
        null,
        null,
        null,
        1,
        1,
        null,
        null,
        null,
        null,
        1,
        5,
        null,
        5,
        5,
        6,
        3,
        null,
        4,
        2,
        null,
        null,
        null,
        null,
        null,
        null,
        1,
        5,
        null,
        5,
        5,
        4,
        2,
        null,
        6,
        3,
        null,
        null,
        null,
        null,
        null,
        null,
        1,
        2,
        2,
        null,
        2,
        4,
        2,
        null,
        null,
        null,
        1,
        null,
        null,
        null,
        null,
        1,
        10,
        null,
        null
      ],
      "/home/saasbook/ProjectCN320/app/models/user.rb": [
        1,
        1,
        null
      ],
      "/home/saasbook/ProjectCN320/app/models/comment.rb": [
        null,
        null,
        1,
        1,
        null,
        null
      ]
    },
    "timestamp": 1394956120
  }
}
